<?xml version="1.0" encoding="utf-8"?><testsuites><testsuite errors="0" failures="0" hostname="LAPTOP-JQMQJT2O" name="pytest" skipped="0" tests="6" time="24.768" timestamp="2020-04-27T17:04:35.211900"><testcase classname="test.test_client" file="test\test_client.py" line="11" name="test_get_basic_company_information_failure_1" time="1.695"></testcase><testcase classname="test.test_client" file="test\test_client.py" line="18" name="test_get_basic_company_information_beaufort_1" time="1.695"></testcase><testcase classname="test.test_client" file="test\test_client.py" line="27" name="test_get_company_ownership_beaufort_failure_1" time="1.687"></testcase><testcase classname="test.test_client" file="test\test_client.py" line="36" name="test_get_company_ownership_beaufort_success" time="1.709"></testcase><testcase classname="test.test_client" file="test\test_client.py" line="43" name="test_get_company_ownership_beaufort_struture_ok_1" time="13.374"></testcase><testcase classname="test.test_client" file="test\test_client.py" line="56" name="test_get_company_power_of_attorney_ok_1" time="1.933"></testcase></testsuite></testsuites>